<?xml version="1.0" encoding="UTF-8"?>
<!-- Generated by org.testng.reporters.JUnitReportReporter -->
<testsuite hostname="DESKTOP-8ETIG1H" failures="0" tests="1" name="demo.Sample" time="8.080" errors="0" timestamp="2024-10-02T16:48:07 IST" skipped="0">
  <testcase classname="demo.Sample" name="visitBrowserTest" time="8.080"/>
  <system-out/>
</testsuite> <!-- demo.Sample -->
